/usr/local/lib/python3.7/dist-packages/torchvision/transforms/transforms.py:258: UserWarning: Argument interpolation should be of type InterpolationMode instead of int. Please, use InterpolationMode enum.
  "Argument interpolation should be of type InterpolationMode instead of int. "
dataset [UnalignedDataset] was created
The number of training images = 1334
/usr/local/lib/python3.7/dist-packages/torch/utils/data/dataloader.py:477: UserWarning: This DataLoader will create 4 worker processes in total. Our suggested max number of worker in current system is 2, which is smaller than what this DataLoader is going to create. Please be aware that excessive worker creation might get DataLoader running slow or even freeze, lower the worker number to avoid potential slowness/freeze if necessary.
  cpuset_checked))
initialize network with normal
initialize network with normal
initialize network with normal
initialize network with normal
model [CycleGANModel] was created
---------- Networks initialized -------------
[Network G_A] Total number of parameters : 11.378 M
[Network G_B] Total number of parameters : 11.378 M
[Network D_A] Total number of parameters : 2.765 M
[Network D_B] Total number of parameters : 2.765 M
-----------------------------------------------
Setting up a new session...
Exception in user code:
------------------------------------------------------------
Traceback (most recent call last):
  File "/usr/local/lib/python3.7/dist-packages/urllib3/connection.py", line 159, in _new_conn
    (self._dns_host, self.port), self.timeout, **extra_kw)
  File "/usr/local/lib/python3.7/dist-packages/urllib3/util/connection.py", line 80, in create_connection
    raise err
  File "/usr/local/lib/python3.7/dist-packages/urllib3/util/connection.py", line 70, in create_connection
    sock.connect(sa)
ConnectionRefusedError: [Errno 111] Connection refused

During handling of the above exception, another exception occurred:

Traceback (most recent call last):
  File "/usr/local/lib/python3.7/dist-packages/urllib3/connectionpool.py", line 600, in urlopen
    chunked=chunked)
  File "/usr/local/lib/python3.7/dist-packages/urllib3/connectionpool.py", line 354, in _make_request
    conn.request(method, url, **httplib_request_kw)
  File "/usr/lib/python3.7/http/client.py", line 1277, in request
    self._send_request(method, url, body, headers, encode_chunked)
  File "/usr/lib/python3.7/http/client.py", line 1323, in _send_request
    self.endheaders(body, encode_chunked=encode_chunked)
  File "/usr/lib/python3.7/http/client.py", line 1272, in endheaders
    self._send_output(message_body, encode_chunked=encode_chunked)
  File "/usr/lib/python3.7/http/client.py", line 1032, in _send_output
    self.send(msg)
  File "/usr/lib/python3.7/http/client.py", line 972, in send
    self.connect()
  File "/usr/local/lib/python3.7/dist-packages/urllib3/connection.py", line 181, in connect
    conn = self._new_conn()
  File "/usr/local/lib/python3.7/dist-packages/urllib3/connection.py", line 168, in _new_conn
    self, "Failed to establish a new connection: %s" % e)
urllib3.exceptions.NewConnectionError: <urllib3.connection.HTTPConnection object at 0x7f6075be7c10>: Failed to establish a new connection: [Errno 111] Connection refused

During handling of the above exception, another exception occurred:

Traceback (most recent call last):
  File "/usr/local/lib/python3.7/dist-packages/requests/adapters.py", line 449, in send
    timeout=timeout
  File "/usr/local/lib/python3.7/dist-packages/urllib3/connectionpool.py", line 638, in urlopen
    _stacktrace=sys.exc_info()[2])
  File "/usr/local/lib/python3.7/dist-packages/urllib3/util/retry.py", line 399, in increment
    raise MaxRetryError(_pool, url, error or ResponseError(cause))
urllib3.exceptions.MaxRetryError: HTTPConnectionPool(host='localhost', port=8097): Max retries exceeded with url: /env/main (Caused by NewConnectionError('<urllib3.connection.HTTPConnection object at 0x7f6075be7c10>: Failed to establish a new connection: [Errno 111] Connection refused'))

During handling of the above exception, another exception occurred:

Traceback (most recent call last):
  File "/usr/local/lib/python3.7/dist-packages/visdom/__init__.py", line 711, in _send
    data=json.dumps(msg),
  File "/usr/local/lib/python3.7/dist-packages/visdom/__init__.py", line 677, in _handle_post
    r = self.session.post(url, data=data)
  File "/usr/local/lib/python3.7/dist-packages/requests/sessions.py", line 578, in post
    return self.request('POST', url, data=data, json=json, **kwargs)
  File "/usr/local/lib/python3.7/dist-packages/requests/sessions.py", line 530, in request
    resp = self.send(prep, **send_kwargs)
  File "/usr/local/lib/python3.7/dist-packages/requests/sessions.py", line 643, in send
    r = adapter.send(request, **kwargs)
  File "/usr/local/lib/python3.7/dist-packages/requests/adapters.py", line 516, in send
    raise ConnectionError(e, request=request)
requests.exceptions.ConnectionError: HTTPConnectionPool(host='localhost', port=8097): Max retries exceeded with url: /env/main (Caused by NewConnectionError('<urllib3.connection.HTTPConnection object at 0x7f6075be7c10>: Failed to establish a new connection: [Errno 111] Connection refused'))
[Errno 99] Cannot assign requested address
[Errno 99] Cannot assign requested address
[Errno 99] Cannot assign requested address
Visdom python client failed to establish socket to get messages from the server. This feature is optional and can be disabled by initializing Visdom with `use_incoming_socket=False`, which will prevent waiting for this request to timeout.


Could not connect to Visdom server. 
 Trying to start a server....
Command: /usr/bin/python3 -m visdom.server -p 8097 &>/dev/null &
create web directory ./checkpoints/nemsimu2nemreal/web...
(epoch: 1, iters: 100, time: 1.378, data: 1.651) D_A: 0.240 G_A: 0.478 cycle_A: 0.119 idt_A: 0.783 D_B: 0.317 G_B: 0.528 cycle_B: 1.431 idt_B: 0.047 
(epoch: 1, iters: 200, time: 1.382, data: 0.003) D_A: 0.169 G_A: 0.169 cycle_A: 0.261 idt_A: 0.386 D_B: 0.248 G_B: 0.264 cycle_B: 1.074 idt_B: 0.057 
(epoch: 1, iters: 300, time: 1.392, data: 0.002) D_A: 0.207 G_A: 0.417 cycle_A: 0.308 idt_A: 0.307 D_B: 0.269 G_B: 0.209 cycle_B: 0.724 idt_B: 0.057 
(epoch: 1, iters: 400, time: 1.754, data: 0.002) D_A: 0.208 G_A: 0.358 cycle_A: 0.162 idt_A: 0.222 D_B: 0.360 G_B: 0.421 cycle_B: 0.513 idt_B: 0.024 
(epoch: 1, iters: 500, time: 1.396, data: 0.002) D_A: 0.247 G_A: 0.665 cycle_A: 0.393 idt_A: 0.331 D_B: 0.223 G_B: 0.218 cycle_B: 0.635 idt_B: 0.057 
(epoch: 1, iters: 600, time: 1.396, data: 0.002) D_A: 0.200 G_A: 0.604 cycle_A: 0.086 idt_A: 0.333 D_B: 0.283 G_B: 0.142 cycle_B: 0.770 idt_B: 0.029 
(epoch: 1, iters: 700, time: 1.398, data: 0.002) D_A: 0.216 G_A: 0.364 cycle_A: 0.178 idt_A: 0.448 D_B: 0.330 G_B: 0.175 cycle_B: 0.909 idt_B: 0.029 
(epoch: 1, iters: 800, time: 1.665, data: 0.002) D_A: 0.241 G_A: 0.438 cycle_A: 0.110 idt_A: 0.232 D_B: 0.281 G_B: 0.848 cycle_B: 0.538 idt_B: 0.056 
(epoch: 1, iters: 900, time: 1.390, data: 0.002) D_A: 0.131 G_A: 0.723 cycle_A: 0.361 idt_A: 0.258 D_B: 0.260 G_B: 0.322 cycle_B: 0.657 idt_B: 0.163 
(epoch: 1, iters: 1000, time: 1.388, data: 0.002) D_A: 0.401 G_A: 0.094 cycle_A: 0.092 idt_A: 0.186 D_B: 0.247 G_B: 0.366 cycle_B: 0.619 idt_B: 0.040 
(epoch: 1, iters: 1100, time: 1.392, data: 0.002) D_A: 0.033 G_A: 0.887 cycle_A: 0.517 idt_A: 0.224 D_B: 0.156 G_B: 0.277 cycle_B: 0.524 idt_B: 0.176 
(epoch: 1, iters: 1200, time: 1.650, data: 0.002) D_A: 0.120 G_A: 0.571 cycle_A: 0.175 idt_A: 0.221 D_B: 0.175 G_B: 0.323 cycle_B: 0.498 idt_B: 0.070 
(epoch: 1, iters: 1300, time: 1.388, data: 0.002) D_A: 0.163 G_A: 0.372 cycle_A: 0.242 idt_A: 0.289 D_B: 0.279 G_B: 0.229 cycle_B: 0.565 idt_B: 0.061 
saving the model at the end of epoch 1, iters 1334
End of epoch 1 / 200 	 Time Taken: 1744 sec
learning rate = 0.0002000
(epoch: 2, iters: 66, time: 1.397, data: 0.002) D_A: 0.150 G_A: 0.685 cycle_A: 0.091 idt_A: 0.265 D_B: 0.264 G_B: 0.121 cycle_B: 0.620 idt_B: 0.030 
(epoch: 2, iters: 166, time: 1.399, data: 0.002) D_A: 0.088 G_A: 0.358 cycle_A: 0.236 idt_A: 0.359 D_B: 0.193 G_B: 0.414 cycle_B: 0.991 idt_B: 0.037 
(epoch: 2, iters: 266, time: 1.687, data: 0.002) D_A: 0.164 G_A: 0.605 cycle_A: 0.072 idt_A: 0.165 D_B: 0.161 G_B: 0.532 cycle_B: 0.648 idt_B: 0.015 
(epoch: 2, iters: 366, time: 1.380, data: 0.002) D_A: 0.230 G_A: 0.192 cycle_A: 0.113 idt_A: 0.149 D_B: 0.233 G_B: 0.469 cycle_B: 0.897 idt_B: 0.036 
(epoch: 2, iters: 466, time: 1.389, data: 0.002) D_A: 0.188 G_A: 0.513 cycle_A: 0.103 idt_A: 0.185 D_B: 0.319 G_B: 0.599 cycle_B: 0.379 idt_B: 0.036 
(epoch: 2, iters: 566, time: 1.390, data: 0.002) D_A: 0.307 G_A: 0.545 cycle_A: 0.073 idt_A: 0.129 D_B: 0.324 G_B: 0.320 cycle_B: 0.547 idt_B: 0.025 
(epoch: 2, iters: 666, time: 1.703, data: 0.002) D_A: 0.095 G_A: 0.189 cycle_A: 0.258 idt_A: 0.124 D_B: 0.234 G_B: 0.125 cycle_B: 0.456 idt_B: 0.040 
(epoch: 2, iters: 766, time: 1.395, data: 0.002) D_A: 0.082 G_A: 0.159 cycle_A: 0.124 idt_A: 0.119 D_B: 0.164 G_B: 0.847 cycle_B: 0.722 idt_B: 0.038 
(epoch: 2, iters: 866, time: 1.385, data: 0.002) D_A: 0.180 G_A: 0.258 cycle_A: 0.321 idt_A: 0.187 D_B: 0.323 G_B: 0.329 cycle_B: 0.793 idt_B: 0.073 
(epoch: 2, iters: 966, time: 1.386, data: 0.002) D_A: 0.157 G_A: 0.328 cycle_A: 0.079 idt_A: 0.156 D_B: 0.125 G_B: 0.376 cycle_B: 0.961 idt_B: 0.018 
(epoch: 2, iters: 1066, time: 1.705, data: 0.006) D_A: 0.191 G_A: 0.702 cycle_A: 0.061 idt_A: 0.140 D_B: 0.152 G_B: 0.398 cycle_B: 0.498 idt_B: 0.022 
(epoch: 2, iters: 1166, time: 1.392, data: 0.002) D_A: 0.065 G_A: 0.168 cycle_A: 0.059 idt_A: 0.208 D_B: 0.247 G_B: 0.391 cycle_B: 0.809 idt_B: 0.022 
(epoch: 2, iters: 1266, time: 1.389, data: 0.003) D_A: 0.326 G_A: 0.142 cycle_A: 0.110 idt_A: 0.183 D_B: 0.275 G_B: 0.344 cycle_B: 0.672 idt_B: 0.024 
saving the model at the end of epoch 2, iters 2668
End of epoch 2 / 200 	 Time Taken: 1743 sec
learning rate = 0.0002000
(epoch: 3, iters: 32, time: 1.393, data: 0.002) D_A: 0.131 G_A: 0.290 cycle_A: 0.063 idt_A: 0.108 D_B: 0.210 G_B: 0.134 cycle_B: 0.447 idt_B: 0.017 
(epoch: 3, iters: 132, time: 1.774, data: 0.002) D_A: 0.155 G_A: 0.258 cycle_A: 0.061 idt_A: 0.180 D_B: 0.271 G_B: 0.130 cycle_B: 0.414 idt_B: 0.015 
(epoch: 3, iters: 232, time: 1.395, data: 0.002) D_A: 0.420 G_A: 0.088 cycle_A: 0.053 idt_A: 0.212 D_B: 0.255 G_B: 0.344 cycle_B: 0.632 idt_B: 0.020 
(epoch: 3, iters: 332, time: 1.385, data: 0.002) D_A: 0.192 G_A: 0.371 cycle_A: 0.076 idt_A: 0.157 D_B: 0.555 G_B: 0.683 cycle_B: 0.743 idt_B: 0.019 
(epoch: 3, iters: 432, time: 1.393, data: 0.002) D_A: 0.082 G_A: 0.299 cycle_A: 0.049 idt_A: 0.234 D_B: 0.255 G_B: 0.419 cycle_B: 0.936 idt_B: 0.022 
(epoch: 3, iters: 532, time: 1.724, data: 0.002) D_A: 0.260 G_A: 1.277 cycle_A: 0.705 idt_A: 0.254 D_B: 0.231 G_B: 0.338 cycle_B: 0.974 idt_B: 0.028 
(epoch: 3, iters: 632, time: 1.389, data: 0.002) D_A: 0.066 G_A: 0.860 cycle_A: 0.082 idt_A: 0.142 D_B: 0.225 G_B: 0.238 cycle_B: 0.448 idt_B: 0.019 
(epoch: 3, iters: 732, time: 1.390, data: 0.002) D_A: 0.098 G_A: 0.644 cycle_A: 0.068 idt_A: 0.165 D_B: 0.332 G_B: 0.091 cycle_B: 0.581 idt_B: 0.017 
(epoch: 3, iters: 832, time: 1.394, data: 0.002) D_A: 0.033 G_A: 0.730 cycle_A: 0.089 idt_A: 0.148 D_B: 0.235 G_B: 0.367 cycle_B: 0.501 idt_B: 0.024 
(epoch: 3, iters: 932, time: 1.760, data: 0.002) D_A: 0.169 G_A: 0.245 cycle_A: 0.139 idt_A: 0.102 D_B: 0.351 G_B: 0.721 cycle_B: 0.626 idt_B: 0.028 
(epoch: 3, iters: 1032, time: 1.392, data: 0.002) D_A: 0.140 G_A: 0.577 cycle_A: 0.116 idt_A: 0.124 D_B: 0.350 G_B: 0.878 cycle_B: 0.604 idt_B: 0.022 
(epoch: 3, iters: 1132, time: 1.395, data: 0.002) D_A: 0.079 G_A: 1.126 cycle_A: 0.074 idt_A: 0.151 D_B: 0.207 G_B: 0.346 cycle_B: 0.469 idt_B: 0.025 
(epoch: 3, iters: 1232, time: 1.393, data: 0.002) D_A: 0.033 G_A: 0.894 cycle_A: 0.057 idt_A: 0.161 D_B: 0.254 G_B: 0.723 cycle_B: 0.489 idt_B: 0.017 
(epoch: 3, iters: 1332, time: 1.790, data: 0.002) D_A: 0.079 G_A: 0.335 cycle_A: 0.177 idt_A: 0.160 D_B: 0.402 G_B: 0.564 cycle_B: 0.487 idt_B: 0.045 
saving the model at the end of epoch 3, iters 4002
End of epoch 3 / 200 	 Time Taken: 1744 sec
learning rate = 0.0002000
(epoch: 4, iters: 98, time: 1.389, data: 0.002) D_A: 0.043 G_A: 0.358 cycle_A: 0.073 idt_A: 0.255 D_B: 0.282 G_B: 0.271 cycle_B: 0.804 idt_B: 0.019 
(epoch: 4, iters: 198, time: 1.395, data: 0.002) D_A: 0.083 G_A: 0.548 cycle_A: 0.300 idt_A: 0.153 D_B: 0.458 G_B: 0.514 cycle_B: 0.435 idt_B: 0.092 
(epoch: 4, iters: 298, time: 1.389, data: 0.002) D_A: 0.265 G_A: 0.147 cycle_A: 0.083 idt_A: 0.120 D_B: 0.191 G_B: 0.233 cycle_B: 0.486 idt_B: 0.028 
(epoch: 4, iters: 398, time: 1.743, data: 0.002) D_A: 0.070 G_A: 0.776 cycle_A: 0.041 idt_A: 0.117 D_B: 0.102 G_B: 0.715 cycle_B: 0.413 idt_B: 0.017 
(epoch: 4, iters: 498, time: 1.386, data: 0.002) D_A: 0.121 G_A: 0.365 cycle_A: 0.059 idt_A: 0.161 D_B: 0.159 G_B: 0.513 cycle_B: 0.962 idt_B: 0.026 
(epoch: 4, iters: 598, time: 1.383, data: 0.002) D_A: 0.019 G_A: 1.090 cycle_A: 0.065 idt_A: 0.115 D_B: 0.128 G_B: 0.275 cycle_B: 0.388 idt_B: 0.015 
(epoch: 4, iters: 698, time: 1.388, data: 0.002) D_A: 0.086 G_A: 0.345 cycle_A: 0.131 idt_A: 0.124 D_B: 0.216 G_B: 0.332 cycle_B: 0.389 idt_B: 0.038 
(epoch: 4, iters: 798, time: 1.709, data: 0.002) D_A: 0.215 G_A: 0.217 cycle_A: 0.194 idt_A: 0.192 D_B: 0.335 G_B: 0.534 cycle_B: 1.048 idt_B: 0.039 
(epoch: 4, iters: 898, time: 1.391, data: 0.002) D_A: 0.132 G_A: 0.357 cycle_A: 0.231 idt_A: 0.125 D_B: 0.155 G_B: 0.024 cycle_B: 0.517 idt_B: 0.056 
(epoch: 4, iters: 998, time: 1.393, data: 0.002) D_A: 0.074 G_A: 0.491 cycle_A: 0.079 idt_A: 0.108 D_B: 0.312 G_B: 0.328 cycle_B: 0.610 idt_B: 0.022 
saving the latest model (epoch 4, total_iters 5000)
(epoch: 4, iters: 1098, time: 1.380, data: 0.003) D_A: 0.023 G_A: 0.815 cycle_A: 0.093 idt_A: 0.113 D_B: 0.089 G_B: 0.253 cycle_B: 0.415 idt_B: 0.021 
(epoch: 4, iters: 1198, time: 1.788, data: 0.002) D_A: 0.038 G_A: 0.660 cycle_A: 0.538 idt_A: 0.198 D_B: 0.026 G_B: 0.667 cycle_B: 0.577 idt_B: 0.028 
(epoch: 4, iters: 1298, time: 1.395, data: 0.002) D_A: 0.035 G_A: 1.147 cycle_A: 0.076 idt_A: 0.101 D_B: 0.089 G_B: 0.552 cycle_B: 0.425 idt_B: 0.018 
saving the model at the end of epoch 4, iters 5336
End of epoch 4 / 200 	 Time Taken: 1744 sec
learning rate = 0.0002000
(epoch: 5, iters: 64, time: 1.385, data: 0.002) D_A: 0.113 G_A: 1.190 cycle_A: 0.063 idt_A: 3.512 D_B: 0.196 G_B: 0.398 cycle_B: 7.037 idt_B: 0.027 
(epoch: 5, iters: 164, time: 1.389, data: 0.002) D_A: 0.030 G_A: 0.247 cycle_A: 0.176 idt_A: 0.108 D_B: 0.138 G_B: 0.321 cycle_B: 0.410 idt_B: 0.059 
(epoch: 5, iters: 264, time: 1.801, data: 0.002) D_A: 0.033 G_A: 0.891 cycle_A: 0.052 idt_A: 0.151 D_B: 0.192 G_B: 0.215 cycle_B: 0.756 idt_B: 0.016 
(epoch: 5, iters: 364, time: 1.387, data: 0.002) D_A: 0.048 G_A: 0.950 cycle_A: 0.057 idt_A: 0.099 D_B: 0.196 G_B: 0.324 cycle_B: 0.464 idt_B: 0.017 
(epoch: 5, iters: 464, time: 1.394, data: 0.002) D_A: 0.056 G_A: 0.942 cycle_A: 0.056 idt_A: 0.093 D_B: 0.165 G_B: 0.458 cycle_B: 0.475 idt_B: 0.016 
(epoch: 5, iters: 564, time: 1.385, data: 0.002) D_A: 0.047 G_A: 0.907 cycle_A: 0.052 idt_A: 0.151 D_B: 0.210 G_B: 0.594 cycle_B: 0.759 idt_B: 0.017 
(epoch: 5, iters: 664, time: 1.760, data: 0.002) D_A: 0.033 G_A: 0.705 cycle_A: 0.111 idt_A: 0.144 D_B: 0.202 G_B: 0.364 cycle_B: 0.627 idt_B: 0.052 
(epoch: 5, iters: 764, time: 1.388, data: 0.002) D_A: 0.060 G_A: 0.896 cycle_A: 0.083 idt_A: 0.108 D_B: 0.203 G_B: 0.371 cycle_B: 0.742 idt_B: 0.030 
(epoch: 5, iters: 864, time: 1.387, data: 0.002) D_A: 0.070 G_A: 0.576 cycle_A: 0.056 idt_A: 3.666 D_B: 0.177 G_B: 0.257 cycle_B: 7.246 idt_B: 0.020 
(epoch: 5, iters: 964, time: 1.388, data: 0.002) D_A: 0.090 G_A: 0.393 cycle_A: 0.064 idt_A: 0.165 D_B: 0.295 G_B: 0.154 cycle_B: 0.404 idt_B: 0.014 
(epoch: 5, iters: 1064, time: 1.724, data: 0.002) D_A: 0.020 G_A: 0.130 cycle_A: 0.047 idt_A: 0.139 D_B: 0.092 G_B: 0.142 cycle_B: 0.540 idt_B: 0.014 
(epoch: 5, iters: 1164, time: 1.395, data: 0.002) D_A: 0.081 G_A: 0.125 cycle_A: 0.080 idt_A: 0.181 D_B: 0.195 G_B: 0.482 cycle_B: 0.777 idt_B: 0.029 
(epoch: 5, iters: 1264, time: 1.385, data: 0.003) D_A: 0.200 G_A: 0.659 cycle_A: 0.114 idt_A: 0.095 D_B: 0.192 G_B: 0.361 cycle_B: 0.397 idt_B: 0.040 
saving the model at the end of epoch 5, iters 6670
End of epoch 5 / 200 	 Time Taken: 1743 sec
learning rate = 0.0002000
(epoch: 6, iters: 30, time: 1.384, data: 0.002) D_A: 0.066 G_A: 1.082 cycle_A: 0.070 idt_A: 0.137 D_B: 0.213 G_B: 0.455 cycle_B: 0.456 idt_B: 0.014 
(epoch: 6, iters: 130, time: 1.779, data: 0.002) D_A: 0.025 G_A: 0.449 cycle_A: 0.061 idt_A: 0.111 D_B: 0.239 G_B: 0.582 cycle_B: 0.466 idt_B: 0.018 
(epoch: 6, iters: 230, time: 1.388, data: 0.002) D_A: 0.153 G_A: 0.760 cycle_A: 0.058 idt_A: 0.181 D_B: 0.241 G_B: 0.342 cycle_B: 0.369 idt_B: 0.017 
(epoch: 6, iters: 330, time: 1.389, data: 0.002) D_A: 0.061 G_A: 1.085 cycle_A: 0.047 idt_A: 0.161 D_B: 0.238 G_B: 0.378 cycle_B: 0.725 idt_B: 0.019 
(epoch: 6, iters: 430, time: 1.385, data: 0.002) D_A: 0.022 G_A: 0.764 cycle_A: 0.093 idt_A: 0.122 D_B: 0.157 G_B: 0.210 cycle_B: 0.501 idt_B: 0.024 
(epoch: 6, iters: 530, time: 1.781, data: 0.002) D_A: 0.081 G_A: 0.744 cycle_A: 0.096 idt_A: 0.140 D_B: 0.311 G_B: 0.754 cycle_B: 0.535 idt_B: 0.042 
(epoch: 6, iters: 630, time: 1.387, data: 0.002) D_A: 0.028 G_A: 0.750 cycle_A: 0.089 idt_A: 0.157 D_B: 0.193 G_B: 0.298 cycle_B: 1.002 idt_B: 0.029 
(epoch: 6, iters: 730, time: 1.394, data: 0.002) D_A: 0.033 G_A: 0.662 cycle_A: 0.083 idt_A: 0.113 D_B: 0.353 G_B: 0.054 cycle_B: 0.502 idt_B: 0.023 
(epoch: 6, iters: 830, time: 1.385, data: 0.002) D_A: 0.041 G_A: 0.550 cycle_A: 0.088 idt_A: 0.109 D_B: 0.124 G_B: 0.264 cycle_B: 0.453 idt_B: 0.022 
(epoch: 6, iters: 930, time: 1.783, data: 0.002) D_A: 0.150 G_A: 0.551 cycle_A: 0.231 idt_A: 0.126 D_B: 0.403 G_B: 0.568 cycle_B: 0.538 idt_B: 0.044 
(epoch: 6, iters: 1030, time: 1.381, data: 0.002) D_A: 0.055 G_A: 0.830 cycle_A: 0.049 idt_A: 0.104 D_B: 0.221 G_B: 0.498 cycle_B: 0.615 idt_B: 0.020 
(epoch: 6, iters: 1130, time: 1.390, data: 0.002) D_A: 0.030 G_A: 1.169 cycle_A: 0.081 idt_A: 0.188 D_B: 0.067 G_B: 0.181 cycle_B: 0.526 idt_B: 0.041 
(epoch: 6, iters: 1230, time: 1.395, data: 0.002) D_A: 0.061 G_A: 1.051 cycle_A: 0.049 idt_A: 0.119 D_B: 0.279 G_B: 0.075 cycle_B: 0.520 idt_B: 0.014 
(epoch: 6, iters: 1330, time: 1.759, data: 0.002) D_A: 0.068 G_A: 0.908 cycle_A: 0.082 idt_A: 0.140 D_B: 0.386 G_B: 0.075 cycle_B: 0.610 idt_B: 0.016 
saving the model at the end of epoch 6, iters 8004
End of epoch 6 / 200 	 Time Taken: 1743 sec
learning rate = 0.0002000
(epoch: 7, iters: 96, time: 1.394, data: 0.002) D_A: 0.026 G_A: 0.788 cycle_A: 0.051 idt_A: 0.837 D_B: 0.196 G_B: 0.565 cycle_B: 1.942 idt_B: 0.017 
(epoch: 7, iters: 196, time: 1.390, data: 0.002) D_A: 0.084 G_A: 0.438 cycle_A: 0.037 idt_A: 0.113 D_B: 0.234 G_B: 0.691 cycle_B: 0.645 idt_B: 0.015 
(epoch: 7, iters: 296, time: 1.385, data: 0.002) D_A: 0.146 G_A: 0.358 cycle_A: 0.059 idt_A: 0.195 D_B: 0.078 G_B: 0.681 cycle_B: 0.685 idt_B: 0.012 
(epoch: 7, iters: 396, time: 1.810, data: 0.002) D_A: 0.081 G_A: 0.453 cycle_A: 0.139 idt_A: 0.164 D_B: 0.169 G_B: 0.317 cycle_B: 0.724 idt_B: 0.052 
(epoch: 7, iters: 496, time: 1.389, data: 0.002) D_A: 0.107 G_A: 0.346 cycle_A: 0.133 idt_A: 0.107 D_B: 0.175 G_B: 0.172 cycle_B: 0.431 idt_B: 0.025 
(epoch: 7, iters: 596, time: 1.397, data: 0.002) D_A: 0.174 G_A: 1.759 cycle_A: 0.106 idt_A: 0.095 D_B: 0.274 G_B: 0.093 cycle_B: 0.554 idt_B: 0.036 
(epoch: 7, iters: 696, time: 1.386, data: 0.002) D_A: 0.057 G_A: 0.761 cycle_A: 0.065 idt_A: 0.217 D_B: 0.082 G_B: 0.230 cycle_B: 0.510 idt_B: 0.025 
(epoch: 7, iters: 796, time: 1.803, data: 0.002) D_A: 0.105 G_A: 0.446 cycle_A: 0.038 idt_A: 0.257 D_B: 0.214 G_B: 0.775 cycle_B: 0.911 idt_B: 0.014 
(epoch: 7, iters: 896, time: 1.383, data: 0.002) D_A: 0.040 G_A: 0.972 cycle_A: 0.060 idt_A: 0.092 D_B: 0.255 G_B: 0.577 cycle_B: 0.623 idt_B: 0.021 
(epoch: 7, iters: 996, time: 1.393, data: 0.002) D_A: 0.259 G_A: 0.124 cycle_A: 0.046 idt_A: 0.109 D_B: 0.355 G_B: 0.907 cycle_B: 0.400 idt_B: 0.022 
(epoch: 7, iters: 1096, time: 1.385, data: 0.002) D_A: 0.011 G_A: 0.975 cycle_A: 0.091 idt_A: 0.103 D_B: 0.083 G_B: 0.059 cycle_B: 0.505 idt_B: 0.025 
(epoch: 7, iters: 1196, time: 1.782, data: 0.002) D_A: 0.019 G_A: 0.783 cycle_A: 0.066 idt_A: 0.133 D_B: 0.331 G_B: 0.304 cycle_B: 0.491 idt_B: 0.022 
(epoch: 7, iters: 1296, time: 1.392, data: 0.002) D_A: 0.035 G_A: 1.328 cycle_A: 0.078 idt_A: 0.103 D_B: 0.143 G_B: 0.387 cycle_B: 0.459 idt_B: 0.027 
saving the model at the end of epoch 7, iters 9338
End of epoch 7 / 200 	 Time Taken: 1743 sec
learning rate = 0.0002000
(epoch: 8, iters: 62, time: 1.390, data: 0.002) D_A: 0.104 G_A: 0.569 cycle_A: 0.029 idt_A: 0.159 D_B: 0.084 G_B: 0.423 cycle_B: 1.164 idt_B: 0.010 
(epoch: 8, iters: 162, time: 1.367, data: 0.002) D_A: 0.046 G_A: 0.376 cycle_A: 0.049 idt_A: 0.131 D_B: 0.368 G_B: 0.308 cycle_B: 0.765 idt_B: 0.021 
(epoch: 8, iters: 262, time: 1.793, data: 0.002) D_A: 0.058 G_A: 0.639 cycle_A: 0.040 idt_A: 0.149 D_B: 0.268 G_B: 0.423 cycle_B: 0.609 idt_B: 0.014 
(epoch: 8, iters: 362, time: 1.374, data: 0.002) D_A: 0.047 G_A: 0.739 cycle_A: 0.078 idt_A: 0.108 D_B: 0.204 G_B: 0.376 cycle_B: 0.420 idt_B: 0.035 
(epoch: 8, iters: 462, time: 1.388, data: 0.002) D_A: 0.051 G_A: 0.660 cycle_A: 0.049 idt_A: 0.116 D_B: 0.199 G_B: 0.353 cycle_B: 0.693 idt_B: 0.016 
(epoch: 8, iters: 562, time: 1.379, data: 0.002) D_A: 0.011 G_A: 0.888 cycle_A: 0.073 idt_A: 0.080 D_B: 0.326 G_B: 1.048 cycle_B: 0.595 idt_B: 0.024 
(epoch: 8, iters: 662, time: 1.753, data: 0.002) D_A: 0.030 G_A: 0.959 cycle_A: 0.058 idt_A: 0.094 D_B: 0.202 G_B: 0.222 cycle_B: 0.459 idt_B: 0.020 
saving the latest model (epoch 8, total_iters 10000)
(epoch: 8, iters: 762, time: 1.379, data: 0.002) D_A: 0.009 G_A: 1.030 cycle_A: 0.033 idt_A: 0.176 D_B: 0.249 G_B: 0.125 cycle_B: 0.571 idt_B: 0.013 
(epoch: 8, iters: 862, time: 1.387, data: 0.002) D_A: 0.013 G_A: 1.004 cycle_A: 0.066 idt_A: 0.083 D_B: 0.154 G_B: 0.504 cycle_B: 0.750 idt_B: 0.022 
(epoch: 8, iters: 962, time: 1.383, data: 0.002) D_A: 0.168 G_A: 1.556 cycle_A: 0.063 idt_A: 0.133 D_B: 0.040 G_B: 0.903 cycle_B: 1.122 idt_B: 0.020 
(epoch: 8, iters: 1062, time: 1.793, data: 0.002) D_A: 0.072 G_A: 0.566 cycle_A: 0.069 idt_A: 0.106 D_B: 0.252 G_B: 0.321 cycle_B: 0.722 idt_B: 0.018 
(epoch: 8, iters: 1162, time: 1.382, data: 0.002) D_A: 0.019 G_A: 0.953 cycle_A: 0.061 idt_A: 0.084 D_B: 0.141 G_B: 0.721 cycle_B: 0.382 idt_B: 0.021 
(epoch: 8, iters: 1262, time: 1.382, data: 0.002) D_A: 0.012 G_A: 0.919 cycle_A: 0.073 idt_A: 0.102 D_B: 0.388 G_B: 0.029 cycle_B: 0.343 idt_B: 0.024 
saving the model at the end of epoch 8, iters 10672
End of epoch 8 / 200 	 Time Taken: 1733 sec
learning rate = 0.0002000
(epoch: 9, iters: 28, time: 1.385, data: 0.002) D_A: 0.031 G_A: 0.781 cycle_A: 0.154 idt_A: 0.091 D_B: 0.066 G_B: 0.136 cycle_B: 0.477 idt_B: 0.029 
(epoch: 9, iters: 128, time: 1.781, data: 0.002) D_A: 0.089 G_A: 0.577 cycle_A: 0.040 idt_A: 0.082 D_B: 0.230 G_B: 0.310 cycle_B: 0.555 idt_B: 0.011 
(epoch: 9, iters: 228, time: 1.383, data: 0.002) D_A: 0.023 G_A: 0.901 cycle_A: 0.087 idt_A: 0.095 D_B: 0.116 G_B: 0.642 cycle_B: 0.447 idt_B: 0.026 
(epoch: 9, iters: 328, time: 1.379, data: 0.002) D_A: 0.039 G_A: 0.883 cycle_A: 0.052 idt_A: 0.107 D_B: 0.111 G_B: 0.112 cycle_B: 0.546 idt_B: 0.020 
(epoch: 9, iters: 428, time: 1.387, data: 0.002) D_A: 0.104 G_A: 0.363 cycle_A: 0.055 idt_A: 0.089 D_B: 0.168 G_B: 0.434 cycle_B: 0.542 idt_B: 0.019 
(epoch: 9, iters: 528, time: 1.770, data: 0.002) D_A: 0.064 G_A: 1.074 cycle_A: 0.060 idt_A: 0.090 D_B: 0.114 G_B: 0.463 cycle_B: 0.336 idt_B: 0.020 
(epoch: 9, iters: 628, time: 1.378, data: 0.002) D_A: 0.035 G_A: 0.770 cycle_A: 0.133 idt_A: 0.074 D_B: 0.372 G_B: 0.042 cycle_B: 0.580 idt_B: 0.041 
(epoch: 9, iters: 728, time: 1.382, data: 0.002) D_A: 0.115 G_A: 0.539 cycle_A: 0.085 idt_A: 0.084 D_B: 0.260 G_B: 0.256 cycle_B: 0.509 idt_B: 0.035 
(epoch: 9, iters: 828, time: 1.378, data: 0.002) D_A: 0.053 G_A: 0.849 cycle_A: 0.077 idt_A: 0.099 D_B: 0.244 G_B: 0.501 cycle_B: 0.381 idt_B: 0.031 
(epoch: 9, iters: 928, time: 1.774, data: 0.002) D_A: 0.026 G_A: 0.722 cycle_A: 0.090 idt_A: 0.072 D_B: 0.233 G_B: 0.456 cycle_B: 0.685 idt_B: 0.050 
(epoch: 9, iters: 1028, time: 1.385, data: 0.002) D_A: 0.094 G_A: 0.415 cycle_A: 0.074 idt_A: 0.116 D_B: 0.236 G_B: 0.317 cycle_B: 0.411 idt_B: 0.026 
(epoch: 9, iters: 1128, time: 1.396, data: 0.002) D_A: 0.165 G_A: 0.413 cycle_A: 0.043 idt_A: 0.140 D_B: 0.157 G_B: 0.329 cycle_B: 0.670 idt_B: 0.020 
(epoch: 9, iters: 1228, time: 1.390, data: 0.002) D_A: 0.105 G_A: 0.684 cycle_A: 0.063 idt_A: 3.458 D_B: 0.070 G_B: 1.470 cycle_B: 6.681 idt_B: 0.026 
(epoch: 9, iters: 1328, time: 1.826, data: 0.002) D_A: 0.108 G_A: 1.267 cycle_A: 0.063 idt_A: 1.561 D_B: 0.151 G_B: 0.794 cycle_B: 2.709 idt_B: 0.017 
saving the model at the end of epoch 9, iters 12006
End of epoch 9 / 200 	 Time Taken: 1737 sec
learning rate = 0.0002000
(epoch: 10, iters: 94, time: 1.389, data: 0.002) D_A: 0.096 G_A: 1.670 cycle_A: 0.060 idt_A: 0.258 D_B: 0.400 G_B: 0.531 cycle_B: 0.725 idt_B: 0.024 
(epoch: 10, iters: 194, time: 1.387, data: 0.002) D_A: 0.024 G_A: 0.528 cycle_A: 0.067 idt_A: 0.099 D_B: 0.308 G_B: 0.355 cycle_B: 0.316 idt_B: 0.020 
(epoch: 10, iters: 294, time: 1.384, data: 0.002) D_A: 0.032 G_A: 0.655 cycle_A: 0.050 idt_A: 0.095 D_B: 0.270 G_B: 0.673 cycle_B: 0.558 idt_B: 0.017 
(epoch: 10, iters: 394, time: 1.806, data: 0.002) D_A: 0.024 G_A: 0.674 cycle_A: 0.055 idt_A: 0.130 D_B: 0.186 G_B: 0.500 cycle_B: 1.031 idt_B: 0.022 
(epoch: 10, iters: 494, time: 1.382, data: 0.002) D_A: 0.021 G_A: 0.707 cycle_A: 0.057 idt_A: 0.145 D_B: 0.148 G_B: 0.456 cycle_B: 0.631 idt_B: 0.022 
(epoch: 10, iters: 594, time: 1.377, data: 0.003) D_A: 0.041 G_A: 0.681 cycle_A: 0.072 idt_A: 0.061 D_B: 0.146 G_B: 0.734 cycle_B: 0.525 idt_B: 0.024 
(epoch: 10, iters: 694, time: 1.379, data: 0.002) D_A: 0.021 G_A: 1.180 cycle_A: 0.078 idt_A: 0.094 D_B: 0.057 G_B: 0.335 cycle_B: 0.537 idt_B: 0.021 
(epoch: 10, iters: 794, time: 1.777, data: 0.002) D_A: 0.018 G_A: 0.789 cycle_A: 0.056 idt_A: 0.090 D_B: 0.121 G_B: 0.546 cycle_B: 0.451 idt_B: 0.020 
(epoch: 10, iters: 894, time: 1.383, data: 0.002) D_A: 0.089 G_A: 0.907 cycle_A: 0.085 idt_A: 0.089 D_B: 0.139 G_B: 0.590 cycle_B: 0.621 idt_B: 0.025 
(epoch: 10, iters: 994, time: 1.382, data: 0.002) D_A: 0.022 G_A: 0.959 cycle_A: 0.485 idt_A: 0.097 D_B: 0.168 G_B: 0.262 cycle_B: 0.427 idt_B: 0.104 
(epoch: 10, iters: 1094, time: 1.382, data: 0.002) D_A: 0.020 G_A: 0.747 cycle_A: 0.056 idt_A: 0.086 D_B: 0.132 G_B: 0.511 cycle_B: 0.335 idt_B: 0.027 
(epoch: 10, iters: 1194, time: 1.785, data: 0.002) D_A: 0.009 G_A: 1.079 cycle_A: 0.051 idt_A: 0.086 D_B: 0.147 G_B: 0.610 cycle_B: 0.309 idt_B: 0.021 
(epoch: 10, iters: 1294, time: 1.365, data: 0.002) D_A: 0.014 G_A: 0.750 cycle_A: 0.078 idt_A: 0.087 D_B: 0.383 G_B: 0.141 cycle_B: 0.382 idt_B: 0.026 
saving the model at the end of epoch 10, iters 13340
End of epoch 10 / 200 	 Time Taken: 1734 sec
learning rate = 0.0002000
(epoch: 11, iters: 60, time: 1.385, data: 0.002) D_A: 0.209 G_A: 2.594 cycle_A: 0.046 idt_A: 0.095 D_B: 0.311 G_B: 0.245 cycle_B: 0.465 idt_B: 0.018 
(epoch: 11, iters: 160, time: 1.372, data: 0.002) D_A: 0.013 G_A: 0.510 cycle_A: 0.071 idt_A: 0.071 D_B: 0.156 G_B: 1.260 cycle_B: 0.398 idt_B: 0.023 
(epoch: 11, iters: 260, time: 1.815, data: 0.002) D_A: 0.029 G_A: 0.961 cycle_A: 0.049 idt_A: 0.078 D_B: 0.218 G_B: 0.350 cycle_B: 0.652 idt_B: 0.031 
(epoch: 11, iters: 360, time: 1.377, data: 0.002) D_A: 0.031 G_A: 0.661 cycle_A: 0.083 idt_A: 0.091 D_B: 0.350 G_B: 0.326 cycle_B: 0.487 idt_B: 0.025 
(epoch: 11, iters: 460, time: 1.388, data: 0.002) D_A: 0.101 G_A: 0.979 cycle_A: 0.199 idt_A: 0.141 D_B: 0.203 G_B: 0.237 cycle_B: 0.341 idt_B: 0.027 
(epoch: 11, iters: 560, time: 1.375, data: 0.003) D_A: 0.009 G_A: 0.915 cycle_A: 0.064 idt_A: 0.083 D_B: 0.144 G_B: 0.253 cycle_B: 0.538 idt_B: 0.020 
(epoch: 11, iters: 660, time: 1.758, data: 0.002) D_A: 0.020 G_A: 0.789 cycle_A: 0.079 idt_A: 0.080 D_B: 0.057 G_B: 0.685 cycle_B: 0.389 idt_B: 0.026 
(epoch: 11, iters: 760, time: 1.381, data: 0.002) D_A: 0.013 G_A: 0.813 cycle_A: 0.059 idt_A: 0.122 D_B: 0.181 G_B: 0.721 cycle_B: 0.489 idt_B: 0.025 
(epoch: 11, iters: 860, time: 1.387, data: 0.002) D_A: 0.011 G_A: 0.924 cycle_A: 0.051 idt_A: 0.083 D_B: 0.080 G_B: 0.493 cycle_B: 0.339 idt_B: 0.022 
(epoch: 11, iters: 960, time: 1.384, data: 0.002) D_A: 0.035 G_A: 0.975 cycle_A: 0.063 idt_A: 0.111 D_B: 0.060 G_B: 0.360 cycle_B: 0.409 idt_B: 0.020 
(epoch: 11, iters: 1060, time: 1.764, data: 0.002) D_A: 0.018 G_A: 0.825 cycle_A: 0.053 idt_A: 0.108 D_B: 0.057 G_B: 0.656 cycle_B: 0.286 idt_B: 0.015 
(epoch: 11, iters: 1160, time: 1.386, data: 0.002) D_A: 0.006 G_A: 1.060 cycle_A: 0.028 idt_A: 0.097 D_B: 0.132 G_B: 0.570 cycle_B: 0.845 idt_B: 0.010 
(epoch: 11, iters: 1260, time: 1.378, data: 0.002) D_A: 0.007 G_A: 0.987 cycle_A: 0.049 idt_A: 0.081 D_B: 0.170 G_B: 0.684 cycle_B: 0.402 idt_B: 0.016 
saving the model at the end of epoch 11, iters 14674
End of epoch 11 / 200 	 Time Taken: 1736 sec
learning rate = 0.0002000
(epoch: 12, iters: 26, time: 1.387, data: 0.002) D_A: 0.014 G_A: 0.913 cycle_A: 0.036 idt_A: 0.080 D_B: 0.263 G_B: 0.115 cycle_B: 0.517 idt_B: 0.015 
(epoch: 12, iters: 126, time: 1.843, data: 0.002) D_A: 0.023 G_A: 0.164 cycle_A: 0.076 idt_A: 0.093 D_B: 0.264 G_B: 0.151 cycle_B: 0.324 idt_B: 0.037 
(epoch: 12, iters: 226, time: 1.377, data: 0.002) D_A: 0.072 G_A: 0.431 cycle_A: 0.052 idt_A: 0.114 D_B: 0.432 G_B: 0.154 cycle_B: 0.482 idt_B: 0.018 
(epoch: 12, iters: 326, time: 1.385, data: 0.002) D_A: 0.034 G_A: 0.598 cycle_A: 0.114 idt_A: 0.234 D_B: 0.317 G_B: 0.278 cycle_B: 0.773 idt_B: 0.024 
saving the latest model (epoch 12, total_iters 15000)
(epoch: 12, iters: 426, time: 1.379, data: 0.002) D_A: 0.008 G_A: 1.151 cycle_A: 0.426 idt_A: 0.483 D_B: 0.059 G_B: 0.695 cycle_B: 1.292 idt_B: 0.022 
(epoch: 12, iters: 526, time: 1.788, data: 0.002) D_A: 0.015 G_A: 1.136 cycle_A: 0.037 idt_A: 0.073 D_B: 0.021 G_B: 1.289 cycle_B: 0.379 idt_B: 0.024 
(epoch: 12, iters: 626, time: 1.386, data: 0.002) D_A: 0.018 G_A: 0.670 cycle_A: 0.073 idt_A: 0.082 D_B: 0.096 G_B: 0.492 cycle_B: 0.454 idt_B: 0.021 
(epoch: 12, iters: 726, time: 1.367, data: 0.002) D_A: 0.078 G_A: 0.623 cycle_A: 0.257 idt_A: 3.603 D_B: 0.207 G_B: 0.848 cycle_B: 7.010 idt_B: 0.020 
(epoch: 12, iters: 826, time: 1.384, data: 0.002) D_A: 0.010 G_A: 0.945 cycle_A: 0.068 idt_A: 0.083 D_B: 0.125 G_B: 0.393 cycle_B: 0.519 idt_B: 0.017 
(epoch: 12, iters: 926, time: 1.812, data: 0.002) D_A: 0.009 G_A: 0.975 cycle_A: 0.134 idt_A: 0.097 D_B: 0.187 G_B: 0.211 cycle_B: 0.318 idt_B: 0.024 
(epoch: 12, iters: 1026, time: 1.390, data: 0.002) D_A: 0.023 G_A: 0.976 cycle_A: 0.064 idt_A: 0.091 D_B: 0.061 G_B: 0.341 cycle_B: 0.399 idt_B: 0.029 
(epoch: 12, iters: 1126, time: 1.387, data: 0.002) D_A: 0.035 G_A: 0.569 cycle_A: 0.103 idt_A: 0.105 D_B: 0.322 G_B: 0.821 cycle_B: 0.371 idt_B: 0.022 
(epoch: 12, iters: 1226, time: 1.385, data: 0.002) D_A: 0.011 G_A: 1.128 cycle_A: 0.045 idt_A: 0.108 D_B: 0.088 G_B: 0.303 cycle_B: 0.359 idt_B: 0.020 
(epoch: 12, iters: 1326, time: 1.789, data: 0.002) D_A: 0.043 G_A: 0.924 cycle_A: 0.058 idt_A: 0.088 D_B: 0.054 G_B: 0.650 cycle_B: 0.507 idt_B: 0.027 
saving the model at the end of epoch 12, iters 16008
End of epoch 12 / 200 	 Time Taken: 1738 sec
learning rate = 0.0002000
(epoch: 13, iters: 92, time: 1.386, data: 0.002) D_A: 0.009 G_A: 0.683 cycle_A: 0.072 idt_A: 0.134 D_B: 0.375 G_B: 0.289 cycle_B: 0.409 idt_B: 0.030 
(epoch: 13, iters: 192, time: 1.396, data: 0.001) D_A: 0.027 G_A: 0.765 cycle_A: 0.065 idt_A: 0.092 D_B: 0.091 G_B: 0.070 cycle_B: 0.318 idt_B: 0.022 
(epoch: 13, iters: 292, time: 1.385, data: 0.002) D_A: 0.025 G_A: 0.740 cycle_A: 0.044 idt_A: 0.088 D_B: 0.081 G_B: 0.310 cycle_B: 0.378 idt_B: 0.015 
(epoch: 13, iters: 392, time: 1.814, data: 0.002) D_A: 0.008 G_A: 0.959 cycle_A: 0.120 idt_A: 0.080 D_B: 0.113 G_B: 0.331 cycle_B: 0.617 idt_B: 0.050 
(epoch: 13, iters: 492, time: 1.388, data: 0.002) D_A: 0.014 G_A: 0.713 cycle_A: 0.047 idt_A: 0.114 D_B: 0.194 G_B: 0.403 cycle_B: 0.684 idt_B: 0.020 
(epoch: 13, iters: 592, time: 1.391, data: 0.002) D_A: 0.021 G_A: 0.935 cycle_A: 0.044 idt_A: 0.090 D_B: 0.070 G_B: 0.424 cycle_B: 0.329 idt_B: 0.022 
(epoch: 13, iters: 692, time: 1.378, data: 0.002) D_A: 0.011 G_A: 0.912 cycle_A: 0.050 idt_A: 0.076 D_B: 0.223 G_B: 0.482 cycle_B: 0.284 idt_B: 0.014 
(epoch: 13, iters: 792, time: 1.795, data: 0.003) D_A: 0.015 G_A: 0.884 cycle_A: 0.089 idt_A: 0.085 D_B: 0.116 G_B: 0.435 cycle_B: 0.320 idt_B: 0.041 
(epoch: 13, iters: 892, time: 1.383, data: 0.002) D_A: 0.012 G_A: 0.978 cycle_A: 0.038 idt_A: 0.794 D_B: 0.083 G_B: 0.379 cycle_B: 2.064 idt_B: 0.017 
(epoch: 13, iters: 992, time: 1.388, data: 0.002) D_A: 0.029 G_A: 0.893 cycle_A: 0.043 idt_A: 0.088 D_B: 0.198 G_B: 0.180 cycle_B: 0.295 idt_B: 0.016 
(epoch: 13, iters: 1092, time: 1.382, data: 0.002) D_A: 0.118 G_A: 0.297 cycle_A: 0.060 idt_A: 0.109 D_B: 0.162 G_B: 0.741 cycle_B: 0.331 idt_B: 0.021 
(epoch: 13, iters: 1192, time: 1.738, data: 0.002) D_A: 0.013 G_A: 1.008 cycle_A: 0.031 idt_A: 0.125 D_B: 0.237 G_B: 0.626 cycle_B: 0.521 idt_B: 0.010 
(epoch: 13, iters: 1292, time: 1.376, data: 0.002) D_A: 0.051 G_A: 0.505 cycle_A: 0.279 idt_A: 0.078 D_B: 0.376 G_B: 0.868 cycle_B: 0.858 idt_B: 0.022 
saving the model at the end of epoch 13, iters 17342
End of epoch 13 / 200 	 Time Taken: 1740 sec
learning rate = 0.0002000
(epoch: 14, iters: 58, time: 1.384, data: 0.002) D_A: 0.014 G_A: 0.874 cycle_A: 0.197 idt_A: 0.096 D_B: 0.243 G_B: 0.177 cycle_B: 0.405 idt_B: 0.063 
(epoch: 14, iters: 158, time: 1.375, data: 0.002) D_A: 0.005 G_A: 1.016 cycle_A: 0.044 idt_A: 0.081 D_B: 0.427 G_B: 0.038 cycle_B: 0.395 idt_B: 0.020 
(epoch: 14, iters: 258, time: 1.814, data: 0.002) D_A: 0.030 G_A: 1.284 cycle_A: 0.058 idt_A: 0.108 D_B: 0.322 G_B: 0.204 cycle_B: 0.636 idt_B: 0.021 
(epoch: 14, iters: 358, time: 1.397, data: 0.002) D_A: 0.035 G_A: 1.199 cycle_A: 0.045 idt_A: 0.182 D_B: 0.162 G_B: 0.395 cycle_B: 0.723 idt_B: 0.018 
